#
# A fatal error has been detected by the Java Runtime Environment:
#
#  EXCEPTION_ACCESS_VIOLATION (0xc0000005) at pc=0x0000000073f2b7b0, pid=30148, tid=0x0000000000005190
#
# JRE version: OpenJDK Runtime Environment (8.0_242-b01) (build 1.8.0_242-release-1644-b01)
# Java VM: OpenJDK 64-Bit Server VM (25.242-b01 mixed mode windows-amd64 compressed oops)
# Problematic frame:
# V  [jvm.dll+0x8b7b0]
#
# Failed to write core dump. Minidumps are not enabled by default on client versions of Windows
#
# If you would like to submit a bug report, please visit:
#   
#

---------------  T H R E A D  ---------------

Current thread (0x0000000002974000):  GCTaskThread [stack: 0x0000000012ad0000,0x0000000012bd0000] [id=20880]

siginfo: ExceptionCode=0xc0000005, reading address 0x0000000000000008

Registers:
RAX=0x0000000000000000, RBX=0x00000000ffb3a6aa, RCX=0x00000000ffb3a6aa, RDX=0x0000000000000000
RSP=0x0000000012bcf828, RBP=0x0000000011e3e23a, RSI=0x0000000017ab4b00, RDI=0x0000000085c47290
R8 =0x0000000017ab4b00, R9 =0x000000000000003a, R10=0x000000000000000c, R11=0x000000000000000c
R12=0x0000000011e3e1cf, R13=0x0000000000000000, R14=0x0000000000000000, R15=0x0000000002962b20
RIP=0x0000000073f2b7b0, EFLAGS=0x0000000000010246

Top of Stack: (sp=0x0000000012bcf828)
0x0000000012bcf828:   00000000742727b2 00000000ee8650b8
0x0000000012bcf838:   0000000000000002 0000000017ab4b00
0x0000000012bcf848:   00000000f1130960 00000000f97d8080
0x0000000012bcf858:   0000000074272efb 000000008b88ddf8
0x0000000012bcf868:   0000000000000400 0000000000000000
0x0000000012bcf878:   0000000017ab4b00 0000000011e3e1cf
0x0000000012bcf888:   0000000074272b20 000000008b88f9ec
0x0000000012bcf898:   0000000011e3e23a 0000000017ab4b00
0x0000000012bcf8a8:   0000000085c47290 000000008b88f9ec
0x0000000012bcf8b8:   00000000742736c5 00000000ee812bf8
0x0000000012bcf8c8:   0000000011e3e23a 0000000017ab4b00
0x0000000012bcf8d8:   0000000000000003 0000000017ab4b00
0x0000000012bcf8e8:   0000000073f6785a 00000000816b06cc
0x0000000012bcf8f8:   0000000073f8fcc7 0000000017ab4b00
0x0000000012bcf908:   0000000073f8e3a3 0000000085c47285
0x0000000012bcf918:   0000000085c47285 0000000085c3cbb8 

Instructions: (pc=0x0000000073f2b7b0)
0x0000000073f2b790:   1c 8f 1d 00 48 8b 9c 24 c0 00 00 00 48 81 c4 b0
0x0000000073f2b7a0:   00 00 00 5d c3 cc cc cc cc cc cc cc cc cc cc cc
0x0000000073f2b7b0:   44 8b 42 08 4c 8b ca 45 85 c0 7e 0e 41 f6 c0 01
0x0000000073f2b7c0:   75 57 41 c1 f8 03 41 8b c0 c3 79 4d 80 3d 7e 97 


Register to memory mapping:

RAX=0x0000000000000000 is an unknown value
RBX=0x00000000ffb3a6aa is an unknown value
RCX=0x00000000ffb3a6aa is an unknown value
RDX=0x0000000000000000 is an unknown value
RSP=0x0000000012bcf828 is an unknown value
RBP=0x0000000011e3e23a is an unknown value
RSI=0x0000000017ab4b00 is an unknown value
RDI=0x0000000085c47290 is an oop
com.android.tools.r8.graph.i0 
 - klass: 'com/android/tools/r8/graph/i0'
R8 =0x0000000017ab4b00 is an unknown value
R9 =0x000000000000003a is an unknown value
R10=0x000000000000000c is an unknown value
R11=0x000000000000000c is an unknown value
R12=0x0000000011e3e1cf is an unknown value
R13=0x0000000000000000 is an unknown value
R14=0x0000000000000000 is an unknown value
R15=0x0000000002962b20 is an unknown value


Stack: [0x0000000012ad0000,0x0000000012bd0000],  sp=0x0000000012bcf828,  free space=1022k
Native frames: (J=compiled Java code, j=interpreted, Vv=VM code, C=native code)
V  [jvm.dll+0x8b7b0]


---------------  P R O C E S S  ---------------

Java Threads: ( => current thread )
  0x000000001c10c000 JavaThread "ForkJoinPool-8-worker-7" daemon [_thread_blocked, id=12644, stack(0x0000000038820000,0x0000000038920000)]
  0x000000001b09e000 JavaThread "ForkJoinPool-8-worker-0" daemon [_thread_blocked, id=28480, stack(0x0000000038720000,0x0000000038820000)]
  0x000000001b099000 JavaThread "ForkJoinPool-8-worker-6" daemon [_thread_blocked, id=33160, stack(0x0000000038620000,0x0000000038720000)]
  0x000000001b09b000 JavaThread "ForkJoinPool-8-worker-5" daemon [_thread_blocked, id=27712, stack(0x0000000038520000,0x0000000038620000)]
  0x000000001b09a800 JavaThread "ForkJoinPool-8-worker-4" daemon [_thread_blocked, id=20012, stack(0x0000000038420000,0x0000000038520000)]
  0x000000001b09c800 JavaThread "ForkJoinPool-8-worker-3" daemon [_thread_blocked, id=432, stack(0x0000000038320000,0x0000000038420000)]
  0x000000001b09d800 JavaThread "ForkJoinPool-8-worker-2" daemon [_thread_blocked, id=12448, stack(0x0000000038220000,0x0000000038320000)]
  0x000000001b091000 JavaThread "ForkJoinPool-8-worker-1" daemon [_thread_blocked, id=25660, stack(0x0000000038120000,0x0000000038220000)]
  0x000000001b097800 JavaThread "WorkerExecutor Queue Thread 6" [_thread_blocked, id=37352, stack(0x0000000038020000,0x0000000038120000)]
  0x000000001b090800 JavaThread "WorkerExecutor Queue Thread 5" [_thread_blocked, id=25036, stack(0x0000000037f20000,0x0000000038020000)]
  0x000000001b08f800 JavaThread "WorkerExecutor Queue Thread 4" [_thread_blocked, id=40324, stack(0x0000000037e20000,0x0000000037f20000)]
  0x000000001b094800 JavaThread "WorkerExecutor Queue Thread 3" [_thread_blocked, id=37952, stack(0x0000000034850000,0x0000000034950000)]
  0x000000001b093800 JavaThread "WorkerExecutor Queue Thread 2" [_thread_blocked, id=29200, stack(0x00000000336a0000,0x00000000337a0000)]
  0x000000001b092800 JavaThread "WorkerExecutor Queue" [_thread_blocked, id=20292, stack(0x00000000335a0000,0x00000000336a0000)]
  0x000000001b08f000 JavaThread "ForkJoinPool.commonPool-worker-0" daemon [_thread_blocked, id=31916, stack(0x00000000334a0000,0x00000000335a0000)]
  0x000000001b095000 JavaThread "ForkJoinPool.commonPool-worker-7" daemon [_thread_blocked, id=33040, stack(0x00000000333a0000,0x00000000334a0000)]
  0x000000002180e800 JavaThread "ForkJoinPool.commonPool-worker-6" daemon [_thread_blocked, id=26340, stack(0x00000000332a0000,0x00000000333a0000)]
  0x000000002180d800 JavaThread "ForkJoinPool.commonPool-worker-5" daemon [_thread_blocked, id=3000, stack(0x00000000331a0000,0x00000000332a0000)]
  0x000000002180f000 JavaThread "ForkJoinPool.commonPool-worker-4" daemon [_thread_blocked, id=33468, stack(0x00000000330a0000,0x00000000331a0000)]
  0x0000000021805800 JavaThread "ForkJoinPool.commonPool-worker-3" daemon [_thread_blocked, id=41512, stack(0x0000000032fa0000,0x00000000330a0000)]
  0x000000002180c000 JavaThread "ForkJoinPool.commonPool-worker-2" daemon [_thread_blocked, id=24220, stack(0x0000000032ea0000,0x0000000032fa0000)]
  0x000000002180b800 JavaThread "RMI RenewClean-[127.0.0.1:17842,org.jetbrains.kotlin.daemon.common.LoopbackNetworkInterface$ClientLoopbackSocketFactory@ea05a52]" daemon [_thread_blocked, id=31580, stack(0x0000000031ba0000,0x0000000031ca0000)]
  0x000000002180a800 JavaThread "Cache worker for execution history cache (C:\Users\marie\Google Drive\Polytechnique\LOG3900\log3900-207\mobile\.gradle\6.5\executionHistory)" [_thread_blocked, id=10948, stack(0x0000000032da0000,0x0000000032ea0000)]
  0x000000002180a000 JavaThread "Execution worker for ':' Thread 7" [_thread_blocked, id=36512, stack(0x0000000032ca0000,0x0000000032da0000)]
  0x0000000021807800 JavaThread "Execution worker for ':' Thread 6" [_thread_blocked, id=12412, stack(0x0000000032ba0000,0x0000000032ca0000)]
  0x0000000021809000 JavaThread "Execution worker for ':' Thread 5" [_thread_blocked, id=39872, stack(0x00000000324a0000,0x00000000325a0000)]
  0x0000000021800000 JavaThread "Execution worker for ':' Thread 4" [_thread_blocked, id=3764, stack(0x00000000322a0000,0x00000000323a0000)]
  0x0000000021802800 JavaThread "Execution worker for ':' Thread 3" [_thread_blocked, id=19160, stack(0x00000000321a0000,0x00000000322a0000)]
  0x0000000021801800 JavaThread "Execution worker for ':' Thread 2" [_thread_blocked, id=26328, stack(0x0000000031de0000,0x0000000031ee0000)]
  0x0000000021804000 JavaThread "Execution worker for ':'" [_thread_blocked, id=26124, stack(0x0000000031ce0000,0x0000000031de0000)]
  0x0000000021807000 JavaThread "Cache worker for file content cache (C:\Users\marie\Google Drive\Polytechnique\LOG3900\log3900-207\mobile\.gradle\6.5\fileContent)" [_thread_blocked, id=38664, stack(0x00000000315e0000,0x00000000316e0000)]
  0x0000000021a1b800 JavaThread "pool-13-thread-1" [_thread_blocked, id=27828, stack(0x0000000030ce0000,0x0000000030de0000)]
  0x0000000021a1a800 JavaThread "Cache worker for Build Output Cleanup Cache (C:\Users\marie\Google Drive\Polytechnique\LOG3900\log3900-207\mobile\.gradle\buildOutputCleanup)" [_thread_blocked, id=19656, stack(0x0000000030be0000,0x0000000030ce0000)]
  0x0000000021a1a000 JavaThread "jar transforms Thread 798" [_thread_blocked, id=28560, stack(0x0000000030ae0000,0x0000000030be0000)]
  0x0000000021a12800 JavaThread "jar transforms Thread 797" [_thread_blocked, id=27216, stack(0x00000000309e0000,0x0000000030ae0000)]
  0x0000000021a18800 JavaThread "jar transforms Thread 796" [_thread_blocked, id=23492, stack(0x00000000306b0000,0x00000000307b0000)]
  0x0000000021a10800 JavaThread "jar transforms Thread 795" [_thread_blocked, id=33708, stack(0x00000000305b0000,0x00000000306b0000)]
  0x0000000021a17800 JavaThread "jar transforms Thread 794" [_thread_blocked, id=23200, stack(0x00000000304b0000,0x00000000305b0000)]
  0x0000000021a16000 JavaThread "jar transforms Thread 793" [_thread_blocked, id=25060, stack(0x00000000303b0000,0x00000000304b0000)]
  0x0000000021a15800 JavaThread "jar transforms Thread 792" [_thread_blocked, id=7384, stack(0x000000002fdb0000,0x000000002feb0000)]
  0x0000000021a14800 JavaThread "jar transforms Thread 791" [_thread_blocked, id=33844, stack(0x000000002f3b0000,0x000000002f4b0000)]
  0x0000000021a0d800 JavaThread "jar transforms Thread 790" [_thread_blocked, id=22980, stack(0x000000002f2b0000,0x000000002f3b0000)]
  0x0000000021a0f000 JavaThread "jar transforms Thread 789" [_thread_blocked, id=33352, stack(0x000000002f1b0000,0x000000002f2b0000)]
  0x0000000021a0d000 JavaThread "jar transforms Thread 788" [_thread_blocked, id=19524, stack(0x000000002f0b0000,0x000000002f1b0000)]
  0x0000000021a11800 JavaThread "jar transforms Thread 787" [_thread_blocked, id=27580, stack(0x000000002efb0000,0x000000002f0b0000)]
  0x0000000021a0e800 JavaThread "jar transforms Thread 786" [_thread_blocked, id=32368, stack(0x000000002eeb0000,0x000000002efb0000)]
  0x0000000021a14000 JavaThread "jar transforms Thread 785" [_thread_blocked, id=34736, stack(0x000000002edb0000,0x000000002eeb0000)]
  0x0000000021a0c000 JavaThread "jar transforms Thread 784" [_thread_blocked, id=37092, stack(0x000000002d880000,0x000000002d980000)]
  0x0000000021a10000 JavaThread "jar transforms Thread 783" [_thread_blocked, id=25016, stack(0x000000002d780000,0x000000002d880000)]
  0x0000000021a13000 JavaThread "jar transforms Thread 782" [_thread_blocked, id=26416, stack(0x000000002b370000,0x000000002b470000)]
  0x000000001b648000 JavaThread "jar transforms Thread 781" [_thread_blocked, id=20268, stack(0x000000002b070000,0x000000002b170000)]
  0x000000001b647000 JavaThread "jar transforms Thread 780" [_thread_blocked, id=36568, stack(0x000000002ad70000,0x000000002ae70000)]
  0x000000001b645800 JavaThread "jar transforms Thread 779" [_thread_blocked, id=32384, stack(0x000000002ac70000,0x000000002ad70000)]
  0x000000001b645000 JavaThread "jar transforms Thread 778" [_thread_blocked, id=38304, stack(0x000000002ab70000,0x000000002ac70000)]
  0x000000001b63d000 JavaThread "jar transforms Thread 777" [_thread_blocked, id=3136, stack(0x000000002aa70000,0x000000002ab70000)]
  0x000000001b644000 JavaThread "jar transforms Thread 776" [_thread_blocked, id=2228, stack(0x000000002a970000,0x000000002aa70000)]
  0x000000001b642000 JavaThread "jar transforms Thread 775" [_thread_blocked, id=41524, stack(0x000000002a760000,0x000000002a860000)]
  0x000000001b641000 JavaThread "jar transforms Thread 774" [_thread_blocked, id=44276, stack(0x000000002a660000,0x000000002a760000)]
  0x000000001b642800 JavaThread "jar transforms Thread 773" [_thread_blocked, id=26812, stack(0x000000002a560000,0x000000002a660000)]
  0x000000001b643800 JavaThread "jar transforms Thread 772" [_thread_blocked, id=28068, stack(0x000000002a460000,0x000000002a560000)]
  0x000000001b63b800 JavaThread "jar transforms Thread 771" [_thread_blocked, id=37524, stack(0x000000002a360000,0x000000002a460000)]
  0x000000001b639800 JavaThread "jar transforms Thread 770" [_thread_blocked, id=27476, stack(0x000000002a260000,0x000000002a360000)]
  0x000000001b63c800 JavaThread "jar transforms Thread 769" [_thread_blocked, id=19704, stack(0x000000002a160000,0x000000002a260000)]
  0x000000001b63a000 JavaThread "jar transforms Thread 768" [_thread_blocked, id=8268, stack(0x000000002a060000,0x000000002a160000)]
  0x000000001b63f800 JavaThread "jar transforms Thread 767" [_thread_blocked, id=5940, stack(0x0000000029f60000,0x000000002a060000)]
  0x000000001b63b000 JavaThread "jar transforms Thread 766" [_thread_blocked, id=41796, stack(0x0000000029e60000,0x0000000029f60000)]
  0x000000001b640000 JavaThread "jar transforms Thread 765" [_thread_blocked, id=40612, stack(0x0000000029d60000,0x0000000029e60000)]
  0x000000001b63e800 JavaThread "jar transforms Thread 764" [_thread_blocked, id=19652, stack(0x0000000029c60000,0x0000000029d60000)]
  0x000000001b63e000 JavaThread "jar transforms Thread 763" [_thread_blocked, id=38612, stack(0x0000000029b60000,0x0000000029c60000)]
  0x000000001badd000 JavaThread "jar transforms Thread 762" [_thread_blocked, id=38848, stack(0x0000000029a60000,0x0000000029b60000)]
  0x000000001badc800 JavaThread "jar transforms Thread 761" [_thread_blocked, id=33528, stack(0x0000000029960000,0x0000000029a60000)]
  0x000000001badb800 JavaThread "jar transforms Thread 760" [_thread_blocked, id=11092, stack(0x0000000029860000,0x0000000029960000)]
  0x000000001badb000 JavaThread "jar transforms Thread 759" [_thread_blocked, id=32088, stack(0x0000000029760000,0x0000000029860000)]
  0x000000001bad3800 JavaThread "jar transforms Thread 758" [_thread_blocked, id=21464, stack(0x0000000029660000,0x0000000029760000)]
  0x000000001bad9800 JavaThread "jar transforms Thread 757" [_thread_blocked, id=3712, stack(0x0000000029560000,0x0000000029660000)]
  0x000000001bad8800 JavaThread "jar transforms Thread 756" [_thread_blocked, id=44444, stack(0x0000000029460000,0x0000000029560000)]
  0x000000001bada000 JavaThread "jar transforms Thread 755" [_thread_blocked, id=20160, stack(0x0000000029360000,0x0000000029460000)]
  0x000000001bad8000 JavaThread "jar transforms Thread 754" [_thread_blocked, id=24440, stack(0x0000000029260000,0x0000000029360000)]
  0x000000001bad7000 JavaThread "jar transforms Thread 753" [_thread_blocked, id=28988, stack(0x0000000029160000,0x0000000029260000)]
  0x000000001bad0800 JavaThread "jar transforms Thread 752" [_thread_blocked, id=44896, stack(0x0000000029060000,0x0000000029160000)]
  0x000000001bad6800 JavaThread "jar transforms Thread 751" [_thread_blocked, id=19004, stack(0x0000000028f60000,0x0000000029060000)]
  0x000000001bad2800 JavaThread "jar transforms Thread 750" [_thread_blocked, id=8548, stack(0x0000000028e60000,0x0000000028f60000)]
  0x000000001bad2000 JavaThread "jar transforms Thread 749" [_thread_blocked, id=22608, stack(0x0000000028d60000,0x0000000028e60000)]
  0x000000001bad4000 JavaThread "jar transforms Thread 748" [_thread_blocked, id=10976, stack(0x0000000028c60000,0x0000000028d60000)]
  0x000000001bacf000 JavaThread "jar transforms Thread 747" [_thread_blocked, id=39912, stack(0x0000000028b60000,0x0000000028c60000)]
  0x000000001bad5800 JavaThread "jar transforms Thread 746" [_thread_blocked, id=42384, stack(0x0000000028a60000,0x0000000028b60000)]
  0x000000001bacf800 JavaThread "jar transforms Thread 745" [_thread_blocked, id=18888, stack(0x0000000028960000,0x0000000028a60000)]
  0x000000001bad1000 JavaThread "jar transforms Thread 744" [_thread_blocked, id=35128, stack(0x0000000028860000,0x0000000028960000)]
  0x000000001bad5000 JavaThread "jar transforms Thread 743" [_thread_blocked, id=18160, stack(0x0000000028760000,0x0000000028860000)]
  0x000000002c76b800 JavaThread "jar transforms Thread 742" [_thread_blocked, id=21616, stack(0x0000000028660000,0x0000000028760000)]
  0x000000002c76a800 JavaThread "jar transforms Thread 741" [_thread_blocked, id=33380, stack(0x0000000028560000,0x0000000028660000)]
  0x000000002c763000 JavaThread "jar transforms Thread 740" [_thread_blocked, id=27820, stack(0x0000000028460000,0x0000000028560000)]
  0x000000002c768800 JavaThread "jar transforms Thread 739" [_thread_blocked, id=36200, stack(0x0000000028360000,0x0000000028460000)]
  0x000000002c767800 JavaThread "jar transforms Thread 738" [_thread_blocked, id=2396, stack(0x0000000028260000,0x0000000028360000)]
  0x000000002c767000 JavaThread "jar transforms Thread 737" [_thread_blocked, id=38124, stack(0x0000000028160000,0x0000000028260000)]
  0x000000002c76a000 JavaThread "jar transforms Thread 736" [_thread_blocked, id=18684, stack(0x0000000028060000,0x0000000028160000)]
  0x000000002c764000 JavaThread "jar transforms Thread 735" [_thread_blocked, id=44184, stack(0x0000000027f60000,0x0000000028060000)]
  0x000000002c764800 JavaThread "jar transforms Thread 734" [_thread_blocked, id=44624, stack(0x0000000027e60000,0x0000000027f60000)]
  0x000000002c762800 JavaThread "jar transforms Thread 733" [_thread_blocked, id=35760, stack(0x0000000027d60000,0x0000000027e60000)]
  0x000000002c765800 JavaThread "jar transforms Thread 732" [_thread_blocked, id=3364, stack(0x0000000027c60000,0x0000000027d60000)]
  0x000000002c766000 JavaThread "jar transforms Thread 731" [_thread_blocked, id=24668, stack(0x0000000027b60000,0x0000000027c60000)]
  0x000000002c769000 JavaThread "jar transforms Thread 730" [_thread_blocked, id=24580, stack(0x0000000027a60000,0x0000000027b60000)]
  0x000000002c75b000 JavaThread "jar transforms Thread 729" [_thread_blocked, id=21816, stack(0x0000000027960000,0x0000000027a60000)]
  0x000000002c761800 JavaThread "jar transforms Thread 728" [_thread_blocked, id=38996, stack(0x0000000027860000,0x0000000027960000)]
  0x000000002c75a000 JavaThread "jar transforms Thread 727" [_thread_blocked, id=42232, stack(0x0000000027760000,0x0000000027860000)]
  0x000000002c761000 JavaThread "jar transforms Thread 726" [_thread_blocked, id=35232, stack(0x0000000027660000,0x0000000027760000)]
  0x000000002c75e800 JavaThread "jar transforms Thread 725" [_thread_blocked, id=39044, stack(0x0000000027560000,0x0000000027660000)]
  0x000000002c75c800 JavaThread "jar transforms Thread 724" [_thread_blocked, id=27536, stack(0x0000000027460000,0x0000000027560000)]
  0x000000002c75e000 JavaThread "jar transforms Thread 723" [_thread_blocked, id=44916, stack(0x0000000027360000,0x0000000027460000)]
  0x000000002c75f800 JavaThread "jar transforms Thread 722" [_thread_blocked, id=42236, stack(0x0000000027260000,0x0000000027360000)]
  0x000000002c760000 JavaThread "jar transforms Thread 721" [_thread_blocked, id=39108, stack(0x0000000027160000,0x0000000027260000)]
  0x000000002c756800 JavaThread "jar transforms Thread 720" [_thread_blocked, id=30728, stack(0x0000000027060000,0x0000000027160000)]
  0x000000002c75b800 JavaThread "jar transforms Thread 719" [_thread_blocked, id=32336, stack(0x0000000026f60000,0x0000000027060000)]
  0x000000002c75d000 JavaThread "jar transforms Thread 718" [_thread_blocked, id=36140, stack(0x0000000026e60000,0x0000000026f60000)]
  0x000000002c759800 JavaThread "jar transforms Thread 717" [_thread_blocked, id=34352, stack(0x0000000026d60000,0x0000000026e60000)]
  0x000000002c758000 JavaThread "jar transforms Thread 716" [_thread_blocked, id=12716, stack(0x0000000026c60000,0x0000000026d60000)]
  0x000000002c757000 JavaThread "jar transforms Thread 715" [_thread_blocked, id=20644, stack(0x0000000026b60000,0x0000000026c60000)]
  0x000000002c74e000 JavaThread "jar transforms Thread 714" [_thread_blocked, id=36192, stack(0x0000000026a60000,0x0000000026b60000)]
  0x000000002c74f800 JavaThread "jar transforms Thread 713" [_thread_blocked, id=37728, stack(0x0000000026960000,0x0000000026a60000)]
  0x000000002c755000 JavaThread "jar transforms Thread 712" [_thread_blocked, id=24388, stack(0x0000000026860000,0x0000000026960000)]
  0x000000002c752800 JavaThread "jar transforms Thread 711" [_thread_blocked, id=32084, stack(0x0000000026760000,0x0000000026860000)]
  0x000000002c752000 JavaThread "jar transforms Thread 710" [_thread_blocked, id=17340, stack(0x0000000026660000,0x0000000026760000)]
  0x000000002c751000 JavaThread "jar transforms Thread 709" [_thread_blocked, id=26628, stack(0x0000000026560000,0x0000000026660000)]
  0x000000002c754000 JavaThread "jar transforms Thread 708" [_thread_blocked, id=32356, stack(0x0000000026460000,0x0000000026560000)]
  0x000000002c750800 JavaThread "jar transforms Thread 707" [_thread_blocked, id=28812, stack(0x0000000026360000,0x0000000026460000)]
  0x000000002c74f000 JavaThread "jar transforms Thread 706" [_thread_blocked, id=23368, stack(0x0000000026260000,0x0000000026360000)]
  0x000000002c74c800 JavaThread "jar transforms Thread 705" [_thread_blocked, id=8920, stack(0x0000000026160000,0x0000000026260000)]
  0x000000001f6a4800 JavaThread "jar transforms Thread 704" [_thread_blocked, id=40812, stack(0x0000000026060000,0x0000000026160000)]
  0x000000001f6a5000 JavaThread "jar transforms Thread 703" [_thread_blocked, id=42060, stack(0x0000000025f60000,0x0000000026060000)]
  0x000000001f6a3800 JavaThread "jar transforms Thread 702" [_thread_blocked, id=13556, stack(0x0000000025e60000,0x0000000025f60000)]
  0x000000001f6a3000 JavaThread "jar transforms Thread 701" [_thread_blocked, id=10308, stack(0x0000000025d60000,0x0000000025e60000)]
  0x000000001f69b800 JavaThread "jar transforms Thread 700" [_thread_blocked, id=29804, stack(0x0000000025c60000,0x0000000025d60000)]
  0x000000001f6a1800 JavaThread "jar transforms Thread 699" [_thread_blocked, id=34196, stack(0x0000000025b60000,0x0000000025c60000)]
  0x000000001f69d000 JavaThread "jar transforms Thread 698" [_thread_blocked, id=24840, stack(0x0000000025a60000,0x0000000025b60000)]
  0x000000001f69f000 JavaThread "jar transforms Thread 697" [_thread_blocked, id=3788, stack(0x0000000024d80000,0x0000000024e80000)]
  0x000000001f6a0000 JavaThread "jar transforms Thread 696" [_thread_blocked, id=29432, stack(0x0000000024c80000,0x0000000024d80000)]
  0x000000001f6a0800 JavaThread "jar transforms Thread 695" [_thread_blocked, id=36636, stack(0x0000000024a70000,0x0000000024b70000)]
  0x000000001f6a2000 JavaThread "jar transforms Thread 694" [_thread_blocked, id=44364, stack(0x0000000024860000,0x0000000024960000)]
  0x000000001f698800 JavaThread "jar transforms Thread 693" [_thread_blocked, id=39924, stack(0x00000000245d0000,0x00000000246d0000)]
  0x000000001f69c000 JavaThread "jar transforms Thread 692" [_thread_blocked, id=35740, stack(0x00000000244d0000,0x00000000245d0000)]
  0x000000001f69e800 JavaThread "jar transforms Thread 691" [_thread_blocked, id=27524, stack(0x00000000243d0000,0x00000000244d0000)]
  0x000000001f69d800 JavaThread "jar transforms Thread 690" [_thread_blocked, id=33984, stack(0x0000000024130000,0x0000000024230000)]
  0x000000001f699000 JavaThread "jar transforms Thread 689" [_thread_blocked, id=27940, stack(0x0000000024030000,0x0000000024130000)]
  0x000000001f69a800 JavaThread "jar transforms Thread 688" [_thread_blocked, id=37036, stack(0x0000000023f30000,0x0000000024030000)]
  0x000000001f69a000 JavaThread "jar transforms Thread 687" [_thread_blocked, id=39720, stack(0x0000000023e30000,0x0000000023f30000)]
  0x000000001f691000 JavaThread "jar transforms Thread 686" [_thread_blocked, id=15916, stack(0x0000000023b20000,0x0000000023c20000)]
  0x000000001f697800 JavaThread "jar transforms Thread 685" [_thread_blocked, id=37564, stack(0x0000000023a20000,0x0000000023b20000)]
  0x000000001f690000 JavaThread "Build operations Thread 8" [_thread_blocked, id=13520, stack(0x0000000023920000,0x0000000023a20000)]
  0x000000001f697000 JavaThread "Build operations Thread 7" [_thread_blocked, id=30984, stack(0x0000000023820000,0x0000000023920000)]
  0x000000001f695800 JavaThread "Build operations Thread 6" [_thread_blocked, id=42788, stack(0x0000000023720000,0x0000000023820000)]
  0x000000001f694800 JavaThread "Build operations Thread 5" [_thread_blocked, id=32892, stack(0x0000000023620000,0x0000000023720000)]
  0x000000001f694000 JavaThread "Build operations Thread 4" [_thread_blocked, id=30412, stack(0x0000000023520000,0x0000000023620000)]
  0x000000001f696000 JavaThread "Build operations Thread 3" [_thread_blocked, id=29092, stack(0x0000000023420000,0x0000000023520000)]
  0x000000001f68e000 JavaThread "Build operations Thread 2" [_thread_blocked, id=5520, stack(0x0000000023320000,0x0000000023420000)]
  0x000000001f693000 JavaThread "Build operations" [_thread_blocked, id=37820, stack(0x0000000022310000,0x0000000022410000)]
  0x000000001f692800 JavaThread "Cache worker for cache directory md-rule (C:\Users\marie\.gradle\caches\6.5\md-rule)" [_thread_blocked, id=18156, stack(0x0000000020eb0000,0x0000000020fb0000)]
  0x000000001f68f800 JavaThread "Cache worker for cache directory md-supplier (C:\Users\marie\.gradle\caches\6.5\md-supplier)" [_thread_blocked, id=23540, stack(0x0000000020db0000,0x0000000020eb0000)]
  0x000000001f68e800 JavaThread "Cache worker for checksums cache (C:\Users\marie\Google Drive\Polytechnique\LOG3900\log3900-207\mobile\.gradle\checksums)" [_thread_blocked, id=44656, stack(0x000000001e210000,0x000000001e310000)]
  0x000000001f68b000 JavaThread "Cache worker for file hash cache (C:\Users\marie\Google Drive\Polytechnique\LOG3900\log3900-207\mobile\.gradle\6.5\fileHashes)" [_thread_blocked, id=28088, stack(0x000000001e110000,0x000000001e210000)]
  0x000000001f691800 JavaThread "Thread-906" [_thread_blocked, id=26984, stack(0x000000001df10000,0x000000001e010000)]
  0x000000001f68b800 JavaThread "Stdin handler" [_thread_blocked, id=43684, stack(0x000000001de10000,0x000000001df10000)]
  0x000000001f689800 JavaThread "Asynchronous log dispatcher for DefaultDaemonConnection: socket connection from /127.0.0.1:63078 to /127.0.0.1:64149" [_thread_blocked, id=15424, stack(0x000000001db10000,0x000000001dc10000)]
  0x000000001f686800 JavaThread "Daemon worker Thread 7" [_thread_blocked, id=35924, stack(0x000000001d6d0000,0x000000001d7d0000)]
  0x000000001f688800 JavaThread "Cancel handler" [_thread_blocked, id=24088, stack(0x000000001d5d0000,0x000000001d6d0000)]
  0x000000001f688000 JavaThread "Handler for socket connection from /127.0.0.1:63078 to /127.0.0.1:64149" [_thread_in_native, id=5328, stack(0x0000000000d40000,0x0000000000e40000)]
  0x000000001f68c800 JavaThread "Daemon Thread 7" [_thread_blocked, id=31176, stack(0x0000000000c00000,0x0000000000d00000)]
  0x000000001f68d000 JavaThread "RMI TCP Connection(16)-127.0.0.1" daemon [_thread_in_native, id=26336, stack(0x0000000000b00000,0x0000000000c00000)]
  0x000000001b61f000 JavaThread "Cache worker for Java compile cache (C:\Users\marie\.gradle\caches\6.5\javaCompile)" [_thread_blocked, id=28868, stack(0x00000000323a0000,0x00000000324a0000)]
  0x000000001c117800 JavaThread "RMI Reaper" [_thread_blocked, id=28504, stack(0x00000000300b0000,0x00000000301b0000)]
  0x000000001c116800 JavaThread "RMI TCP Accept-0" daemon [_thread_in_native, id=15932, stack(0x000000002ffb0000,0x00000000300b0000)]
  0x000000001c116000 JavaThread "GC Daemon" daemon [_thread_blocked, id=24612, stack(0x000000002feb0000,0x000000002ffb0000)]
  0x000000001c113000 JavaThread "RMI Scheduler(0)" daemon [_thread_blocked, id=28872, stack(0x000000002fcb0000,0x000000002fdb0000)]
  0x000000001c10d000 JavaThread "Memory manager" [_thread_blocked, id=11948, stack(0x000000002c270000,0x000000002c370000)]
  0x000000001cb5f000 JavaThread "Cache worker for file content cache (C:\Users\marie\.gradle\caches\6.5\fileContent)" [_thread_blocked, id=28956, stack(0x0000000022c20000,0x0000000022d20000)]
  0x000000001cb5f800 JavaThread "Cache worker for execution history cache (C:\Users\marie\.gradle\caches\6.5\executionHistory)" [_thread_blocked, id=29336, stack(0x0000000022210000,0x0000000022310000)]
  0x000000001cb5d800 JavaThread "Cache worker for file hash cache (C:\Users\marie\.gradle\caches\6.5\fileHashes)" [_thread_blocked, id=34172, stack(0x000000001e910000,0x000000001ea10000)]
  0x000000001cb61000 JavaThread "File lock request listener" [_thread_in_native, id=28136, stack(0x000000001e810000,0x000000001e910000)]
  0x000000001c9c9000 JavaThread "Cache worker for journal cache (C:\Users\marie\.gradle\caches\journal-1)" [_thread_blocked, id=22904, stack(0x000000001e710000,0x000000001e810000)]
  0x000000001c7b8800 JavaThread "Daemon periodic checks" [_thread_blocked, id=38884, stack(0x000000001da10000,0x000000001db10000)]
  0x000000001c76d000 JavaThread "Incoming local TCP Connector on port 63078" [_thread_in_native, id=29000, stack(0x000000001d7d0000,0x000000001d8d0000)]
  0x000000001c6a5000 JavaThread "Daemon health stats" [_thread_blocked, id=12344, stack(0x000000001bf90000,0x000000001c090000)]
  0x000000001998a000 JavaThread "Service Thread" daemon [_thread_blocked, id=17604, stack(0x000000001a5c0000,0x000000001a6c0000)]
  0x00000000198fd800 JavaThread "C1 CompilerThread3" daemon [_thread_blocked, id=33720, stack(0x000000001a4c0000,0x000000001a5c0000)]
  0x00000000198f6000 JavaThread "C2 CompilerThread2" daemon [_thread_blocked, id=33184, stack(0x000000001a3c0000,0x000000001a4c0000)]
  0x00000000198f3800 JavaThread "C2 CompilerThread1" daemon [_thread_blocked, id=43372, stack(0x000000001a2c0000,0x000000001a3c0000)]
  0x00000000198f1000 JavaThread "C2 CompilerThread0" daemon [_thread_blocked, id=36804, stack(0x000000001a1c0000,0x000000001a2c0000)]
  0x00000000198ef000 JavaThread "Attach Listener" daemon [_thread_blocked, id=36440, stack(0x000000001a0c0000,0x000000001a1c0000)]
  0x00000000198ee000 JavaThread "Signal Dispatcher" daemon [_thread_blocked, id=44808, stack(0x0000000019fc0000,0x000000001a0c0000)]
  0x00000000198e1000 JavaThread "Finalizer" daemon [_thread_blocked, id=18452, stack(0x0000000019dc0000,0x0000000019ec0000)]
  0x00000000198e0800 JavaThread "Reference Handler" daemon [_thread_blocked, id=20264, stack(0x0000000019cc0000,0x0000000019dc0000)]
  0x0000000002952800 JavaThread "main" [_thread_blocked, id=2580, stack(0x0000000002750000,0x0000000002850000)]

Other Threads:
  0x0000000017ab8000 VMThread [stack: 0x00000000197c0000,0x00000000198c0000] [id=10376]
  0x000000001998a800 WatcherThread [stack: 0x000000001a6c0000,0x000000001a7c0000] [id=36880]

=>0x0000000002974000 (exited) GCTaskThread [stack: 0x0000000012ad0000,0x0000000012bd0000] [id=20880]

VM state:at safepoint (normal execution)

VM Mutex/Monitor currently owned by a thread:  ([mutex/lock_event])
[0x0000000000f2d730] Threads_lock - owner thread: 0x0000000017ab8000
[0x0000000000f2cf30] Heap_lock - owner thread: 0x000000001b094800

heap address: 0x0000000080000000, size: 2048 MB, Compressed Oops mode: 32-bit
Narrow klass base: 0x0000000000000000, Narrow klass shift: 3
Compressed class space size: 1073741824 Address: 0x0000000100000000

Heap:
 PSYoungGen      total 518144K, used 467242K [0x00000000d5580000, 0x0000000100000000, 0x0000000100000000)
  eden space 404992K, 100% used [0x00000000d5580000,0x00000000ee100000,0x00000000ee100000)
  from space 113152K, 55% used [0x00000000ee100000,0x00000000f1dca8c0,0x00000000f4f80000)
  to   space 111616K, 10% used [0x00000000f9300000,0x00000000f9e08110,0x0000000100000000)
 ParOldGen       total 389120K, used 213842K [0x0000000080000000, 0x0000000097c00000, 0x00000000d5580000)
  object space 389120K, 54% used [0x0000000080000000,0x000000008d0da8b0,0x0000000097c00000)
 Metaspace       used 108947K, capacity 115008K, committed 115352K, reserved 1148928K
  class space    used 13851K, capacity 14926K, committed 15024K, reserved 1048576K

Card table byte_map: [0x0000000011e10000,0x0000000012220000] byte_map_base: 0x0000000011a10000

Marking Bits: (ParMarkBitMap*) 0x000000007466f030
 Begin Bits: [0x0000000012cd0000, 0x0000000014cd0000)
 End Bits:   [0x0000000014cd0000, 0x0000000016cd0000)

Polling page: 0x0000000000f10000

CodeCache: size=245760Kb used=74474Kb max_used=74868Kb free=171285Kb
 bounds [0x0000000002a50000, 0x0000000007430000, 0x0000000011a50000]
 total_blobs=21873 nmethods=20931 adapters=851
 compilation: enabled

Compilation events (10 events):
Event: 1559.975 Thread 0x00000000198fd800 27158   !   2       com.android.tools.r8.ir.conversion.O::a (451 bytes)
Event: 1559.980 Thread 0x00000000198fd800 nmethod 27158 0x0000000006cd26d0 code [0x0000000006cd2a80, 0x0000000006cd3df8]
Event: 1559.984 Thread 0x00000000198fd800 27155       2       com.android.tools.r8.code.X::<init> (7 bytes)
Event: 1559.985 Thread 0x00000000198fd800 nmethod 27155 0x0000000004193450 code [0x00000000041935c0, 0x00000000041937e8]
Event: 1559.987 Thread 0x00000000198fd800 27153       2       com.android.tools.r8.code.z1::<init> (7 bytes)
Event: 1559.988 Thread 0x00000000198fd800 nmethod 27153 0x00000000046b8c90 code [0x00000000046b8de0, 0x00000000046b8f90]
Event: 1559.991 Thread 0x00000000198fd800 27147       2       com.android.tools.r8.code.K3::<init> (7 bytes)
Event: 1559.992 Thread 0x00000000198fd800 nmethod 27147 0x00000000046bc810 code [0x00000000046bc960, 0x00000000046bcb10]
Event: 1559.996 Thread 0x00000000198fd800 27143       2       com.android.tools.r8.code.a2::<init> (7 bytes)
Event: 1559.998 Thread 0x00000000198fd800 nmethod 27143 0x00000000046fa0d0 code [0x00000000046fa220, 0x00000000046fa3b0]

GC Heap History (10 events):
Event: 1330.547 GC heap after
Heap after GC invocations=31 (full 4):
 PSYoungGen      total 379392K, used 73723K [0x00000000d5580000, 0x00000000f7500000, 0x0000000100000000)
  eden space 305664K, 0% used [0x00000000d5580000,0x00000000d5580000,0x00000000e8000000)
  from space 73728K, 99% used [0x00000000e8000000,0x00000000ec7fef48,0x00000000ec800000)
  to   space 100352K, 0% used [0x00000000f1300000,0x00000000f1300000,0x00000000f7500000)
 ParOldGen       total 389120K, used 167228K [0x0000000080000000, 0x0000000097c00000, 0x00000000d5580000)
  object space 389120K, 42% used [0x0000000080000000,0x000000008a34f3a8,0x0000000097c00000)
 Metaspace       used 107567K, capacity 113048K, committed 113432K, reserved 1148928K
  class space    used 13746K, capacity 14738K, committed 14896K, reserved 1048576K
}
Event: 1374.798 GC heap before
{Heap before GC invocations=32 (full 4):
 PSYoungGen      total 379392K, used 379387K [0x00000000d5580000, 0x00000000f7500000, 0x0000000100000000)
  eden space 305664K, 100% used [0x00000000d5580000,0x00000000e8000000,0x00000000e8000000)
  from space 73728K, 99% used [0x00000000e8000000,0x00000000ec7fef48,0x00000000ec800000)
  to   space 100352K, 0% used [0x00000000f1300000,0x00000000f1300000,0x00000000f7500000)
 ParOldGen       total 389120K, used 167228K [0x0000000080000000, 0x0000000097c00000, 0x00000000d5580000)
  object space 389120K, 42% used [0x0000000080000000,0x000000008a34f3a8,0x0000000097c00000)
 Metaspace       used 107664K, capacity 113200K, committed 113688K, reserved 1148928K
  class space    used 13748K, capacity 14742K, committed 14896K, reserved 1048576K
Event: 1374.895 GC heap after
Heap after GC invocations=32 (full 4):
 PSYoungGen      total 444928K, used 57760K [0x00000000d5580000, 0x00000000f6f80000, 0x0000000100000000)
  eden space 350208K, 0% used [0x00000000d5580000,0x00000000d5580000,0x00000000eab80000)
  from space 94720K, 60% used [0x00000000f1300000,0x00000000f4b68060,0x00000000f6f80000)
  to   space 100352K, 0% used [0x00000000eab80000,0x00000000eab80000,0x00000000f0d80000)
 ParOldGen       total 389120K, used 170893K [0x0000000080000000, 0x0000000097c00000, 0x00000000d5580000)
  object space 389120K, 43% used [0x0000000080000000,0x000000008a6e34b8,0x0000000097c00000)
 Metaspace       used 107664K, capacity 113200K, committed 113688K, reserved 1148928K
  class space    used 13748K, capacity 14742K, committed 14896K, reserved 1048576K
}
Event: 1378.003 GC heap before
{Heap before GC invocations=33 (full 4):
 PSYoungGen      total 444928K, used 407968K [0x00000000d5580000, 0x00000000f6f80000, 0x0000000100000000)
  eden space 350208K, 100% used [0x00000000d5580000,0x00000000eab80000,0x00000000eab80000)
  from space 94720K, 60% used [0x00000000f1300000,0x00000000f4b68060,0x00000000f6f80000)
  to   space 100352K, 0% used [0x00000000eab80000,0x00000000eab80000,0x00000000f0d80000)
 ParOldGen       total 389120K, used 170893K [0x0000000080000000, 0x0000000097c00000, 0x00000000d5580000)
  object space 389120K, 43% used [0x0000000080000000,0x000000008a6e34b8,0x0000000097c00000)
 Metaspace       used 108108K, capacity 113688K, committed 113944K, reserved 1148928K
  class space    used 13756K, capacity 14756K, committed 14896K, reserved 1048576K
Event: 1378.155 GC heap after
Heap after GC invocations=33 (full 4):
 PSYoungGen      total 450560K, used 83241K [0x00000000d5580000, 0x00000000fba80000, 0x0000000100000000)
  eden space 350208K, 0% used [0x00000000d5580000,0x00000000d5580000,0x00000000eab80000)
  from space 100352K, 82% used [0x00000000eab80000,0x00000000efcca4c0,0x00000000f0d80000)
  to   space 109568K, 0% used [0x00000000f4f80000,0x00000000f4f80000,0x00000000fba80000)
 ParOldGen       total 389120K, used 177445K [0x0000000080000000, 0x0000000097c00000, 0x00000000d5580000)
  object space 389120K, 45% used [0x0000000080000000,0x000000008ad495b0,0x0000000097c00000)
 Metaspace       used 108108K, capacity 113688K, committed 113944K, reserved 1148928K
  class space    used 13756K, capacity 14756K, committed 14896K, reserved 1048576K
}
Event: 1380.080 GC heap before
{Heap before GC invocations=34 (full 4):
 PSYoungGen      total 450560K, used 433449K [0x00000000d5580000, 0x00000000fba80000, 0x0000000100000000)
  eden space 350208K, 100% used [0x00000000d5580000,0x00000000eab80000,0x00000000eab80000)
  from space 100352K, 82% used [0x00000000eab80000,0x00000000efcca4c0,0x00000000f0d80000)
  to   space 109568K, 0% used [0x00000000f4f80000,0x00000000f4f80000,0x00000000fba80000)
 ParOldGen       total 389120K, used 177445K [0x0000000080000000, 0x0000000097c00000, 0x00000000d5580000)
  object space 389120K, 45% used [0x0000000080000000,0x000000008ad495b0,0x0000000097c00000)
 Metaspace       used 108214K, capacity 113838K, committed 114200K, reserved 1148928K
  class space    used 13757K, capacity 14757K, committed 14896K, reserved 1048576K
Event: 1380.238 GC heap after
Heap after GC invocations=34 (full 4):
 PSYoungGen      total 514560K, used 73707K [0x00000000d5580000, 0x00000000fcb00000, 0x0000000100000000)
  eden space 404992K, 0% used [0x00000000d5580000,0x00000000d5580000,0x00000000ee100000)
  from space 109568K, 67% used [0x00000000f4f80000,0x00000000f977add0,0x00000000fba80000)
  to   space 113152K, 0% used [0x00000000ee100000,0x00000000ee100000,0x00000000f4f80000)
 ParOldGen       total 389120K, used 178306K [0x0000000080000000, 0x0000000097c00000, 0x00000000d5580000)
  object space 389120K, 45% used [0x0000000080000000,0x000000008ae209f0,0x0000000097c00000)
 Metaspace       used 108214K, capacity 113838K, committed 114200K, reserved 1148928K
  class space    used 13757K, capacity 14757K, committed 14896K, reserved 1048576K
}
Event: 1390.825 GC heap before
{Heap before GC invocations=35 (full 4):
 PSYoungGen      total 514560K, used 478174K [0x00000000d5580000, 0x00000000fcb00000, 0x0000000100000000)
  eden space 404992K, 99% used [0x00000000d5580000,0x00000000ee07ca98,0x00000000ee100000)
  from space 109568K, 67% used [0x00000000f4f80000,0x00000000f977add0,0x00000000fba80000)
  to   space 113152K, 0% used [0x00000000ee100000,0x00000000ee100000,0x00000000f4f80000)
 ParOldGen       total 389120K, used 178306K [0x0000000080000000, 0x0000000097c00000, 0x00000000d5580000)
  object space 389120K, 45% used [0x0000000080000000,0x000000008ae209f0,0x0000000097c00000)
 Metaspace       used 108430K, capacity 114104K, committed 114456K, reserved 1148928K
  class space    used 13787K, capacity 14808K, committed 14896K, reserved 1048576K
Event: 1390.950 GC heap after
Heap after GC invocations=35 (full 4):
 PSYoungGen      total 518144K, used 62250K [0x00000000d5580000, 0x0000000100000000, 0x0000000100000000)
  eden space 404992K, 0% used [0x00000000d5580000,0x00000000d5580000,0x00000000ee100000)
  from space 113152K, 55% used [0x00000000ee100000,0x00000000f1dca8c0,0x00000000f4f80000)
  to   space 111616K, 0% used [0x00000000f9300000,0x00000000f9300000,0x0000000100000000)
 ParOldGen       total 389120K, used 185705K [0x0000000080000000, 0x0000000097c00000, 0x00000000d5580000)
  object space 389120K, 47% used [0x0000000080000000,0x000000008b55a440,0x0000000097c00000)
 Metaspace       used 108430K, capacity 114104K, committed 114456K, reserved 1148928K
  class space    used 13787K, capacity 14808K, committed 14896K, reserved 1048576K
}
Event: 1560.055 GC heap before
{Heap before GC invocations=36 (full 4):
 PSYoungGen      total 518144K, used 467242K [0x00000000d5580000, 0x0000000100000000, 0x0000000100000000)
  eden space 404992K, 100% used [0x00000000d5580000,0x00000000ee100000,0x00000000ee100000)
  from space 113152K, 55% used [0x00000000ee100000,0x00000000f1dca8c0,0x00000000f4f80000)
  to   space 111616K, 0% used [0x00000000f9300000,0x00000000f9300000,0x0000000100000000)
 ParOldGen       total 389120K, used 185705K [0x0000000080000000, 0x0000000097c00000, 0x00000000d5580000)
  object space 389120K, 47% used [0x0000000080000000,0x000000008b55a440,0x0000000097c00000)
 Metaspace       used 108947K, capacity 115008K, committed 115352K, reserved 1148928K
  class space    used 13851K, capacity 14926K, committed 15024K, reserved 1048576K

Deoptimization events (10 events):
Event: 1382.508 Thread 0x000000001b099000 Uncommon trap: reason=unstable_if action=reinterpret pc=0x0000000004d3813c method=java.io.ObjectOutputStream$BlockDataOutputStream.writeShort(I)V @ 9
Event: 1382.512 Thread 0x000000001b099000 Uncommon trap: reason=bimorphic action=maybe_recompile pc=0x0000000004fe2b94 method=java.security.MessageDigest$Delegate.clone()Ljava/lang/Object; @ 14
Event: 1382.512 Thread 0x000000001b099000 Uncommon trap: reason=class_check action=maybe_recompile pc=0x0000000004cc78e8 method=java.lang.StringCoding.decode(Ljava/nio/charset/Charset;[BII)[C @ 1
Event: 1389.992 Thread 0x000000001b094800 Uncommon trap: reason=unstable_if action=reinterpret pc=0x000000000365c3ec method=org.gradle.internal.fingerprint.impl.DefaultFileSystemLocationFingerprint.compareTo(Lorg/gradle/internal/fingerprint/FileSystemLocationFingerprint;)I @ 15
Event: 1551.206 Thread 0x000000001f686800 Uncommon trap: reason=class_check action=maybe_recompile pc=0x00000000062a0b4c method=com.google.common.collect.ImmutableMultimap$Builder.put(Ljava/lang/Object;Ljava/lang/Object;)Lcom/google/common/collect/ImmutableMultimap$Builder; @ 29
Event: 1551.207 Thread 0x000000001f686800 Uncommon trap: reason=class_check action=maybe_recompile pc=0x00000000062a0b4c method=com.google.common.collect.ImmutableMultimap$Builder.put(Ljava/lang/Object;Ljava/lang/Object;)Lcom/google/common/collect/ImmutableMultimap$Builder; @ 29
Event: 1552.172 Thread 0x000000001f686800 Uncommon trap: reason=unstable_if action=reinterpret pc=0x0000000004014e5c method=com.esotericsoftware.kryo.io.Output.writeBoolean(Z)V @ 8
Event: 1559.246 Thread 0x000000001b08f800 Uncommon trap: reason=predicate action=maybe_recompile pc=0x000000000733a91c method=com.android.tools.r8.ir.regalloc.a.a(Lcom/android/tools/r8/utils/k0;Lcom/android/tools/r8/s/b/X;Ljava/util/Map;Ljava/util/List;)V @ 733
Event: 1559.271 Thread 0x000000001b094800 Uncommon trap: reason=predicate action=maybe_recompile pc=0x00000000072d2520 method=com.android.tools.r8.ir.regalloc.a.a(Lcom/android/tools/r8/utils/k0;Lcom/android/tools/r8/s/b/X;Ljava/util/Map;Ljava/util/List;)V @ 733
Event: 1559.323 Thread 0x000000001b094800 Uncommon trap: reason=unstable_if action=reinterpret pc=0x000000000713f9d8 method=com.android.tools.r8.q.a.a.b.Z0.get(Ljava/lang/Object;)Ljava/lang/Object; @ 51

Classes redefined (0 events):
No events

Internal exceptions (10 events):
Event: 1559.374 Thread 0x000000001b094800 Exception <a 'sun/nio/fs/WindowsException'> (0x00000000e9346978) thrown at [C:\src\AOSP-openjdk-git\hotspot\src\share\vm\prims\jni.cpp, line 710]
Event: 1559.376 Thread 0x000000001b094800 Exception <a 'sun/nio/fs/WindowsException'> (0x00000000e934eef0) thrown at [C:\src\AOSP-openjdk-git\hotspot\src\share\vm\prims\jni.cpp, line 710]
Event: 1559.378 Thread 0x000000001b094800 Exception <a 'sun/nio/fs/WindowsException'> (0x00000000e9357ab8) thrown at [C:\src\AOSP-openjdk-git\hotspot\src\share\vm\prims\jni.cpp, line 710]
Event: 1559.385 Thread 0x000000001b094800 Exception <a 'sun/nio/fs/WindowsException'> (0x00000000e943c6c0) thrown at [C:\src\AOSP-openjdk-git\hotspot\src\share\vm\prims\jni.cpp, line 710]
Event: 1559.387 Thread 0x000000001b094800 Exception <a 'sun/nio/fs/WindowsException'> (0x00000000e9444248) thrown at [C:\src\AOSP-openjdk-git\hotspot\src\share\vm\prims\jni.cpp, line 710]
Event: 1559.388 Thread 0x000000001b094800 Exception <a 'sun/nio/fs/WindowsException'> (0x00000000e944bc60) thrown at [C:\src\AOSP-openjdk-git\hotspot\src\share\vm\prims\jni.cpp, line 710]
Event: 1559.389 Thread 0x000000001b094800 Exception <a 'sun/nio/fs/WindowsException'> (0x00000000e9453b90) thrown at [C:\src\AOSP-openjdk-git\hotspot\src\share\vm\prims\jni.cpp, line 710]
Event: 1559.391 Thread 0x000000001b094800 Exception <a 'sun/nio/fs/WindowsException'> (0x00000000e945bb58) thrown at [C:\src\AOSP-openjdk-git\hotspot\src\share\vm\prims\jni.cpp, line 710]
Event: 1559.392 Thread 0x000000001b094800 Exception <a 'sun/nio/fs/WindowsException'> (0x00000000e94636e0) thrown at [C:\src\AOSP-openjdk-git\hotspot\src\share\vm\prims\jni.cpp, line 710]
Event: 1559.789 Thread 0x000000001b094800 Exception <a 'sun/nio/fs/WindowsException'> (0x00000000eaba3640) thrown at [C:\src\AOSP-openjdk-git\hotspot\src\share\vm\prims\jni.cpp, line 710]

Events (10 events):
Event: 1559.958 Executing VM operation: RevokeBias done
Event: 1559.971 Executing VM operation: RevokeBias
Event: 1559.972 Executing VM operation: RevokeBias done
Event: 1559.976 Executing VM operation: RevokeBias
Event: 1559.977 Executing VM operation: RevokeBias done
Event: 1559.983 Thread 0x000000001b094800 DEOPT PACKING pc=0x0000000004020f30 sp=0x000000003494de50
Event: 1559.983 Thread 0x000000001b094800 DEOPT UNPACKING pc=0x0000000002a975d0 sp=0x000000003494dbf8 mode 0
Event: 1559.985 Thread 0x000000001b094800 DEOPT PACKING pc=0x0000000006b540a7 sp=0x000000003494dd40
Event: 1559.985 Thread 0x000000001b094800 DEOPT UNPACKING pc=0x0000000002a975d0 sp=0x000000003494db00 mode 0
Event: 1560.054 Executing VM operation: ParallelGCFailedAllocation


Dynamic libraries:
0x00007ff6d4e00000 - 0x00007ff6d4e31000 	C:\Program Files\Android\Android Studio\jre\bin\java.exe
0x00007ff862350000 - 0x00007ff862545000 	C:\WINDOWS\SYSTEM32\ntdll.dll
0x00007ff861c30000 - 0x00007ff861ced000 	C:\WINDOWS\System32\KERNEL32.DLL
0x00007ff85fb60000 - 0x00007ff85fe28000 	C:\WINDOWS\System32\KERNELBASE.dll
0x00007ff860cd0000 - 0x00007ff860d7c000 	C:\WINDOWS\System32\ADVAPI32.dll
0x00007ff861d80000 - 0x00007ff861e1e000 	C:\WINDOWS\System32\msvcrt.dll
0x00007ff861e20000 - 0x00007ff861ebb000 	C:\WINDOWS\System32\sechost.dll
0x00007ff861ec0000 - 0x00007ff861feb000 	C:\WINDOWS\System32\RPCRT4.dll
0x00007ff862060000 - 0x00007ff862200000 	C:\WINDOWS\System32\USER32.dll
0x00007ff85ffb0000 - 0x00007ff85ffd2000 	C:\WINDOWS\System32\win32u.dll
0x00007ff860460000 - 0x00007ff86048a000 	C:\WINDOWS\System32\GDI32.dll
0x00007ff8602a0000 - 0x00007ff8603ab000 	C:\WINDOWS\System32\gdi32full.dll
0x00007ff85ff10000 - 0x00007ff85ffad000 	C:\WINDOWS\System32\msvcp_win.dll
0x00007ff860040000 - 0x00007ff860140000 	C:\WINDOWS\System32\ucrtbase.dll
0x00007ff843dc0000 - 0x00007ff84405a000 	C:\WINDOWS\WinSxS\amd64_microsoft.windows.common-controls_6595b64144ccf1df_6.0.19041.844_none_ca00b6081b84eb1d\COMCTL32.dll
0x00007ff862260000 - 0x00007ff862290000 	C:\WINDOWS\System32\IMM32.DLL
0x0000000073ce0000 - 0x0000000073db2000 	C:\Program Files\Android\Android Studio\jre\jre\bin\msvcr100.dll
0x0000000073ea0000 - 0x00000000746eb000 	C:\Program Files\Android\Android Studio\jre\jre\bin\server\jvm.dll
0x00007ff861a10000 - 0x00007ff861a18000 	C:\WINDOWS\System32\PSAPI.DLL
0x00007ff848490000 - 0x00007ff8484b7000 	C:\WINDOWS\SYSTEM32\WINMM.dll
0x00007ff85e8e0000 - 0x00007ff85e8ea000 	C:\WINDOWS\SYSTEM32\VERSION.dll
0x00007ff848620000 - 0x00007ff848629000 	C:\WINDOWS\SYSTEM32\WSOCK32.dll
0x00007ff861ff0000 - 0x00007ff86205b000 	C:\WINDOWS\System32\WS2_32.dll
0x00007ff83a220000 - 0x00007ff83a22f000 	C:\Program Files\Android\Android Studio\jre\jre\bin\verify.dll
0x00007ff835530000 - 0x00007ff835559000 	C:\Program Files\Android\Android Studio\jre\jre\bin\java.dll
0x00007ff8354f0000 - 0x00007ff835506000 	C:\Program Files\Android\Android Studio\jre\jre\bin\zip.dll
0x00007ff860d80000 - 0x00007ff8614c2000 	C:\WINDOWS\System32\SHELL32.dll
0x00007ff85e100000 - 0x00007ff85e891000 	C:\WINDOWS\SYSTEM32\windows.storage.dll
0x00007ff860680000 - 0x00007ff8609d5000 	C:\WINDOWS\System32\combase.dll
0x00007ff85f500000 - 0x00007ff85f52c000 	C:\WINDOWS\SYSTEM32\Wldp.dll
0x00007ff8603b0000 - 0x00007ff86045e000 	C:\WINDOWS\System32\SHCORE.dll
0x00007ff860620000 - 0x00007ff860675000 	C:\WINDOWS\System32\shlwapi.dll
0x00007ff85f9d0000 - 0x00007ff85f9ef000 	C:\WINDOWS\SYSTEM32\profapi.dll
0x00007ff835310000 - 0x00007ff83532a000 	C:\Program Files\Android\Android Studio\jre\jre\bin\net.dll
0x00007ff85f270000 - 0x00007ff85f2da000 	C:\WINDOWS\system32\mswsock.dll
0x00007ff8351a0000 - 0x00007ff8351b3000 	C:\Program Files\Android\Android Studio\jre\jre\bin\nio.dll
0x00007ff83cb50000 - 0x00007ff83cb77000 	C:\Users\marie\.gradle\native\f6784746aeab05261644944871eae4fe03e0ef1612fff0a4a95f87b438bc6780\windows-amd64\native-platform.dll
0x00007ff837a40000 - 0x00007ff837a4d000 	C:\Program Files\Android\Android Studio\jre\jre\bin\management.dll
0x00007ff85f440000 - 0x00007ff85f458000 	C:\WINDOWS\SYSTEM32\CRYPTSP.dll
0x00007ff85eb60000 - 0x00007ff85eb94000 	C:\WINDOWS\system32\rsaenh.dll
0x00007ff85fe30000 - 0x00007ff85fe57000 	C:\WINDOWS\System32\bcrypt.dll
0x00007ff85f950000 - 0x00007ff85f97e000 	C:\WINDOWS\SYSTEM32\USERENV.dll
0x00007ff85fa90000 - 0x00007ff85fb10000 	C:\WINDOWS\System32\bcryptprimitives.dll
0x00007ff85f460000 - 0x00007ff85f46c000 	C:\WINDOWS\SYSTEM32\CRYPTBASE.dll
0x00007ff85eee0000 - 0x00007ff85ef1b000 	C:\WINDOWS\SYSTEM32\IPHLPAPI.DLL
0x00007ff860c30000 - 0x00007ff860c38000 	C:\WINDOWS\System32\NSI.dll
0x00007ff853610000 - 0x00007ff853627000 	C:\WINDOWS\SYSTEM32\dhcpcsvc6.DLL
0x00007ff853880000 - 0x00007ff85389d000 	C:\WINDOWS\SYSTEM32\dhcpcsvc.DLL
0x00007ff85ef30000 - 0x00007ff85effc000 	C:\WINDOWS\SYSTEM32\DNSAPI.dll
0x00007ff854e00000 - 0x00007ff854e0b000 	C:\WINDOWS\SYSTEM32\WINNSI.DLL
0x00007ff856250000 - 0x00007ff85626e000 	C:\Users\marie\AppData\Local\Temp\native-platform7879704506990592795dir\native-platform.dll
0x00007ff85d6f0000 - 0x00007ff85d8d4000 	C:\WINDOWS\SYSTEM32\dbghelp.dll

VM Arguments:
jvm_args: -Xmx2048m -Dfile.encoding=UTF-8 -Duser.country=CA -Duser.language=en -Duser.variant 
java_command: org.gradle.launcher.daemon.bootstrap.GradleDaemon 6.5
java_class_path (initial): C:\Users\marie\.gradle\wrapper\dists\gradle-6.5-all\2oz4ud9k3tuxjg84bbf55q0tn\gradle-6.5\lib\gradle-launcher-6.5.jar
Launcher Type: SUN_STANDARD

Environment Variables:
JAVA_HOME=C:\Program Files\Java\jdk-12.0.2
PATH=C:\Program Files (x86)\VMware\VMware Workstation\bin\;C:\Program Files\Java\jdk-12.0.2\bin;C:\Program Files (x86)\Common Files\Oracle\Java\javapath;C:\Windows\system32;C:\Windows;C:\Windows\System32\Wbem;C:\Windows\System32\WindowsPowerShell\v1.0\;C:\Windows\System32\OpenSSH\;C:\Program Files (x86)\NVIDIA Corporation\PhysX\Common;C:\Program Files\dotnet\;C:\Program Files\Git\cmd;C:\Program Files\MiKTeX 2.9\miktex\bin\x64\;C:\Program Files\NVIDIA Corporation\NVIDIA NvDLISR;C:\Program Files\nodejs\;C:\WINDOWS\system32;C:\WINDOWS;C:\WINDOWS\System32\Wbem;C:\WINDOWS\System32\WindowsPowerShell\v1.0\;C:\WINDOWS\System32\OpenSSH\;C:\Program Files\Intel\WiFi\bin\;C:\Program Files\Common Files\Intel\WirelessCommon\;C:\Program Files\Graphviz 2.44.1\bin\;C:\Program Files (x86)\Intel\Intel(R) Management Engine Components\DAL;C:\Program Files\Intel\Intel(R) Management Engine Components\DAL;C:\Program Files\Java\jdk-12.0.2\bin;C:\Users\marie\AppData\Local\Microsoft\WindowsApps;C:\Users\marie\AppData\Local\Programs\Microsoft VS Code\bin;C:\Users\marie\AppData\Roaming\npm;C:\Users\marie\AppData\Local\Programs\Python\Python38-32;C:\Users\marie\.dotnet\tools;C:\Program Files\Graphviz 2.44.1\bin\;C:\Users\marie\AppData\Local\Programs\Python\Python39\Scripts;C:\Users\marie\AppData\Local\gitkraken\bin;C:\Users\marie\.dotnet\tools;C:\Program Files\Docker\Docker\resources\bin;;C:\Users\marie\AppData\Local\Microsoft\WindowsApps
USERNAME=marie
OS=Windows_NT
PROCESSOR_IDENTIFIER=Intel64 Family 6 Model 142 Stepping 10, GenuineIntel



---------------  S Y S T E M  ---------------

OS: Windows 10.0 , 64 bit Build 19041 (10.0.19041.804)

CPU:total 8 (initial active 8) (4 cores per cpu, 2 threads per core) family 6 model 142 stepping 10, cmov, cx8, fxsr, mmx, sse, sse2, sse3, ssse3, sse4.1, sse4.2, popcnt, avx, avx2, aes, clmul, erms, 3dnowpref, lzcnt, ht, tsc, tscinvbit, bmi1, bmi2, adx

Memory: 4k page, physical 16671952k(1428132k free), swap 32924880k(8644272k free)

vm_info: OpenJDK 64-Bit Server VM (25.242-b01) for windows-amd64 JRE (1.8.0_242-release-1644-b01), built by "builder" with MS VC++ 10.0 (VS2010)

time: Tue Apr 13 20:58:28 2021
timezone: Eastern Daylight Time
elapsed time: 1560 seconds (0d 0h 26m 0s)

